<?xml version="1.0" encoding="UTF-8"?>
<!-- Generated by org.testng.reporters.JUnitReportReporter -->
<testsuite hostname="LAPTOP-2HSHSBD5" failures="0" tests="1" name="com.hk.testcase.SearchMessageTemplatesTest" time="44.684" errors="0" timestamp="2024-06-22T13:35:11 IST" skipped="0">
  <testcase classname="com.hk.testcase.SearchMessageTemplatesTest" name="verifyUserCanAbleToSearchMessageTemplates" time="44.684"/>
</testsuite> <!-- com.hk.testcase.SearchMessageTemplatesTest -->
