<?xml version="1.0" encoding="UTF-8"?>
<!-- Generated by org.testng.reporters.JUnitReportReporter -->
<testsuite hostname="LAPTOP-2HSHSBD5" failures="0" tests="1" name="com.hk.testcase.AddNewProductTest" time="85.129" errors="0" timestamp="2024-06-25T11:27:27 IST" skipped="0">
  <testcase classname="com.hk.testcase.AddNewProductTest" name="verifyUserCanAddNewProduct" time="85.129"/>
</testsuite> <!-- com.hk.testcase.AddNewProductTest -->
