<?xml version="1.0" encoding="UTF-8"?>
<!-- Generated by org.testng.reporters.JUnitReportReporter -->
<testsuite hostname="LAPTOP-2HSHSBD5" failures="0" tests="1" name="com.hk.testcase.AddNewCategoriesTest" time="71.664" errors="0" timestamp="2024-06-28T15:17:26 IST" skipped="0">
  <testcase classname="com.hk.testcase.AddNewCategoriesTest" name="verifyUserCanAddNewCategoriesTest" time="71.664"/>
</testsuite> <!-- com.hk.testcase.AddNewCategoriesTest -->
