<?xml version="1.0" encoding="UTF-8"?>
<!-- Generated by org.testng.reporters.JUnitReportReporter -->
<testsuite hostname="LAPTOP-2HSHSBD5" failures="0" tests="1" name="com.hk.testcase.ReportsBestSellersTest" time="12.700" errors="0" timestamp="2024-07-01T13:04:23 IST" skipped="0">
  <testcase classname="com.hk.testcase.ReportsBestSellersTest" name="verifyUserCanCheckBestSellersReport" time="12.700"/>
</testsuite> <!-- com.hk.testcase.ReportsBestSellersTest -->
