<?xml version="1.0" encoding="UTF-8"?>
<!-- Generated by org.testng.reporters.JUnitReportReporter -->
<testsuite hostname="LAPTOP-2HSHSBD5" failures="0" tests="1" name="com.hk.testcase.LogoutTest" time="19.379" errors="0" timestamp="2024-08-22T20:07:06 IST" skipped="0">
  <testcase classname="com.hk.testcase.LogoutTest" name="verifyUserCanBeAbleToLogout" time="19.379"/>
</testsuite> <!-- com.hk.testcase.LogoutTest -->
