<?xml version="1.0" encoding="UTF-8"?>
<!-- Generated by org.testng.reporters.JUnitReportReporter -->
<testsuite hostname="LAPTOP-2HSHSBD5" failures="0" tests="1" name="com.hk.testcase.AddNewManufacturerTest" time="49.506" errors="0" timestamp="2024-06-03T11:00:06 IST" skipped="0">
  <testcase classname="com.hk.testcase.AddNewManufacturerTest" name="verifyUserCanAddNewManufacturerTest" time="49.506"/>
</testsuite> <!-- com.hk.testcase.AddNewManufacturerTest -->
